MacBook-Pro:web-app-gallery-rails cchen$ git push heroku 401-api-only:master
Enumerating objects: 197, done.
Counting objects: 100% (197/197), done.
Delta compression using up to 8 threads
Compressing objects: 100% (174/174), done.
Writing objects: 100% (197/197), 206.25 KiB | 8.59 MiB/s, done.
Total 197 (delta 60), reused 31 (delta 0)
remote: Compressing source files... done.
remote: Building source:
remote:
remote: -----> Node.js app detected
remote:
remote: -----> Creating runtime environment
remote:
remote:        NPM_CONFIG_LOGLEVEL=error
remote:        NODE_ENV=production
remote:        NODE_MODULES_CACHE=true
remote:        NODE_VERBOSE=false
remote:
remote: -----> Installing binaries
remote:        engines.node (package.json):  12.13.1
remote:        engines.npm (package.json):   unspecified (use default)
remote:
remote:        Resolving node version 12.13.1...
remote:        Downloading and installing node 12.13.1...
remote:        Using default npm version: 6.12.1
remote:
remote: -----> Installing dependencies
remote:        Installing node modules (package.json)
remote:
remote:        > api-only@0.1.0 postinstall /tmp/build_7f19b8c7ba16f89f89513659662c7792
remote:        > npm run build && npm run deploy && echo 'Client built!'
remote:
remote:
remote:        > api-only@0.1.0 build /tmp/build_7f19b8c7ba16f89f89513659662c7792
remote:        > cd client && npm install && npm run build && cd ..
remote:
remote:
remote:        > core-js@2.6.10 postinstall /tmp/build_7f19b8c7ba16f89f89513659662c7792/client/node_modules/babel-runtime/node_modules/core-js
remote:        > node postinstall || echo "ignore"
remote:
remote:
remote:        > core-js@3.2.1 postinstall /tmp/build_7f19b8c7ba16f89f89513659662c7792/client/node_modules/core-js
remote:        > node scripts/postinstall || echo "ignore"
remote:
remote:        added 1492 packages from 697 contributors and audited 904958 packages in 36.548s
remote:        found 0 vulnerabilities
remote:
remote:
remote:        > client@0.1.0 build /tmp/build_7f19b8c7ba16f89f89513659662c7792/client
remote:        > react-scripts build
remote:
remote:        Creating an optimized production build...
remote:        Compiled successfully.
remote:
remote:        File sizes after gzip:
remote:
remote:          44.96 KB  build/static/js/2.5402afee.chunk.js
remote:          808 B     build/static/js/main.285ce89d.chunk.js
remote:          772 B     build/static/js/runtime-main.b240f91f.js
remote:          417 B     build/static/css/main.b100e6da.chunk.css
remote:
remote:        The project was built assuming it is hosted at the server root.
remote:        You can control this with the homepage field in your package.json.
remote:        For example, add this to build it for GitHub Pages:
remote:
remote:          "homepage" : "http://myname.github.io/myapp",
remote:
remote:        The build folder is ready to be deployed.
remote:        You may serve it with a static server:
remote:
remote:          npm install -g serve
remote:          serve -s build
remote:
remote:        Find out more about deployment here:
remote:
remote:          https://bit.ly/CRA-deploy
remote:
remote:
remote:        > api-only@0.1.0 deploy /tmp/build_7f19b8c7ba16f89f89513659662c7792
remote:        > cp -a client/build/. public/
remote:
remote:        Client built!
remote:        added 8 packages from 8 contributors and audited 12 packages in 50.755s
remote:        found 0 vulnerabilities
remote:
remote:
remote: -----> Build
remote:        Running build
remote:
remote:        > api-only@0.1.0 build /tmp/build_7f19b8c7ba16f89f89513659662c7792
remote:        > cd client && npm install && npm run build && cd ..
remote:
remote:        audited 904958 packages in 13.1s
remote:        found 0 vulnerabilities
remote:
remote:
remote:        > client@0.1.0 build /tmp/build_7f19b8c7ba16f89f89513659662c7792/client
remote:        > react-scripts build
remote:
remote:        Creating an optimized production build...
remote:        Compiled successfully.
remote:
remote:        File sizes after gzip:
remote:
remote:          44.96 KB  build/static/js/2.5402afee.chunk.js
remote:          808 B     build/static/js/main.285ce89d.chunk.js
remote:          772 B     build/static/js/runtime-main.b240f91f.js
remote:          417 B     build/static/css/main.b100e6da.chunk.css
remote:
remote:        The project was built assuming it is hosted at the server root.
remote:        You can control this with the homepage field in your package.json.
remote:        For example, add this to build it for GitHub Pages:
remote:
remote:          "homepage" : "http://myname.github.io/myapp",
remote:
remote:        The build folder is ready to be deployed.
remote:        You may serve it with a static server:
remote:
remote:          npm install -g serve
remote:          serve -s build
remote:
remote:        Find out more about deployment here:
remote:
remote:          https://bit.ly/CRA-deploy
remote:
remote:
remote: -----> Pruning devDependencies
remote:        audited 12 packages in 0.337s
remote:        found 0 vulnerabilities
remote:
remote:
remote: -----> Caching build
remote:        - node_modules
remote:
remote: -----> Build succeeded!
remote: -----> Ruby app detected
remote: -----> Compiling Ruby/Rails
remote: -----> Using Ruby version: ruby-2.6.2
remote: -----> Installing dependencies using bundler 1.17.3
remote:        Running: bundle install --without development:test --path vendor/bundle --binstubs vendor/bundle/bin -j4 --deployment
remote:        The dependency tzinfo-data (>= 0) will be unused by any of the platforms Bundler is installing for. Bundler is installing for ruby but the dependency is only for x86-mingw32, x86-mswin32, x64-mingw32, java. To add those platforms to the bundle, run `bundle lock --add-platform x86-mingw32 x86-mswin32 x64-mingw32 java`.
remote:        Fetching gem metadata from https://rubygems.org/............
remote:        Fetching rake 13.0.1
remote:        Installing rake 13.0.1
remote:        Fetching concurrent-ruby 1.1.5
remote:        Fetching minitest 5.13.0
remote:        Fetching thread_safe 0.3.6
remote:        Installing minitest 5.13.0
remote:        Installing thread_safe 0.3.6
remote:        Installing concurrent-ruby 1.1.5
remote:        Fetching builder 3.2.3
remote:        Installing builder 3.2.3
remote:        Fetching erubi 1.9.0
remote:        Fetching mini_portile2 2.4.0
remote:        Installing erubi 1.9.0
remote:        Fetching crass 1.0.5
remote:        Installing mini_portile2 2.4.0
remote:        Installing crass 1.0.5
remote:        Fetching rack 2.0.7
remote:        Fetching nio4r 2.5.2
remote:        Installing nio4r 2.5.2 with native extensions
remote:        Installing rack 2.0.7
remote:        Fetching websocket-extensions 0.1.4
remote:        Installing websocket-extensions 0.1.4
remote:        Fetching mini_mime 1.0.2
remote:        Installing mini_mime 1.0.2
remote:        Fetching arel 9.0.0
remote:        Installing arel 9.0.0
remote:        Fetching mimemagic 0.3.3
remote:        Fetching msgpack 1.3.1
remote:        Installing msgpack 1.3.1 with native extensions
remote:        Installing mimemagic 0.3.3
remote:        Using bundler 1.17.3
remote:        Fetching method_source 0.9.2
remote:        Installing method_source 0.9.2
remote:        Fetching pg 1.1.4
remote:        Installing pg 1.1.4 with native extensions
remote:        Fetching puma 3.12.1
remote:        Installing puma 3.12.1 with native extensions
remote:        Fetching thor 0.20.3
remote:        Installing thor 0.20.3
remote:        Fetching tzinfo 1.2.5
remote:        Installing tzinfo 1.2.5
remote:        Fetching nokogiri 1.10.5
remote:        Installing nokogiri 1.10.5 with native extensions
remote:        Fetching i18n 1.7.0
remote:        Installing i18n 1.7.0
remote:        Fetching websocket-driver 0.7.1
remote:        Installing websocket-driver 0.7.1 with native extensions
remote:        Fetching mail 2.7.1
remote:        Installing mail 2.7.1
remote:        Fetching rack-test 1.1.0
remote:        Installing rack-test 1.1.0
remote:        Fetching sprockets 4.0.0
remote:        Installing sprockets 4.0.0
remote:        Fetching marcel 0.3.3
remote:        Installing marcel 0.3.3
remote:        Fetching bootsnap 1.4.5
remote:        Installing bootsnap 1.4.5 with native extensions
remote:        Fetching activesupport 5.2.4
remote:        Installing activesupport 5.2.4
remote:        Fetching loofah 2.4.0
remote:        Fetching rails-dom-testing 2.0.3
remote:        Installing rails-dom-testing 2.0.3
remote:        Installing loofah 2.4.0
remote:        Fetching globalid 0.4.2
remote:        Installing globalid 0.4.2
remote:        Fetching activemodel 5.2.4
remote:        Fetching activejob 5.2.4
remote:        Installing activemodel 5.2.4
remote:        Installing activejob 5.2.4
remote:        Fetching rails-html-sanitizer 1.3.0
remote:        Installing rails-html-sanitizer 1.3.0
remote:        Fetching actionview 5.2.4
remote:        Fetching activerecord 5.2.4
remote:        Installing actionview 5.2.4
remote:        Installing activerecord 5.2.4
remote:        Fetching actionpack 5.2.4
remote:        Installing actionpack 5.2.4
remote:        Fetching actioncable 5.2.4
remote:        Fetching activestorage 5.2.4
remote:        Fetching actionmailer 5.2.4
remote:        Installing actionmailer 5.2.4
remote:        Installing actioncable 5.2.4
remote:        Installing activestorage 5.2.4
remote:        Fetching railties 5.2.4
remote:        Installing railties 5.2.4
remote:        Fetching sprockets-rails 3.2.1
remote:        Installing sprockets-rails 3.2.1
remote:        Fetching rails 5.2.4
remote:        Installing rails 5.2.4
remote:        Bundle complete! 10 Gemfile dependencies, 45 gems now installed.
remote:        Gems in the groups development and test were not installed.
remote:        Bundled gems are installed into `./vendor/bundle`
remote:        Post-install message from i18n:
remote:
remote:        HEADS UP! i18n 1.1 changed fallbacks to exclude default locale.
remote:        But that may break your application.
remote:
remote:        Please check your Rails app for 'config.i18n.fallbacks = true'.
remote:        If you're using I18n (>= 1.1.0) and Rails (< 5.2.2), this should be
remote:        'config.i18n.fallbacks = [I18n.default_locale]'.
remote:        If not, fallbacks will be broken in your app by I18n 1.1.x.
remote:
remote:        For more info see:
remote:        https://github.com/svenfuchs/i18n/releases/tag/v1.1.0
remote:
remote:        Bundle completed (36.39s)
remote:        Cleaning up the bundler cache.
remote:        The dependency tzinfo-data (>= 0) will be unused by any of the platforms Bundler is installing for. Bundler is installing for ruby but the dependency is only for x86-mingw32, x86-mswin32, x64-mingw32, java. To add those platforms to the bundle, run `bundle lock --add-platform x86-mingw32 x86-mswin32 x64-mingw32 java`.
remote: -----> Detecting rake tasks
remote: -----> Detecting rails configuration
remote:
remote: ###### WARNING:
remote:
remote:        You set your `config.active_storage.service` to :local in production.
remote:        If you are uploading files to this app, they will not persist after the app
remote:        is restarted, on one-off dynos, or if the app has multiple dynos.
remote:        Heroku applications have an ephemeral file system. To
remote:        persist uploaded files, please use a service such as S3 and update your Rails
remote:        configuration.
remote:
remote:        For more information can be found in this article:
remote:          https://devcenter.heroku.com/articles/active-storage-on-heroku
remote:
remote:
remote:
remote: ###### WARNING:
remote:
remote:        We detected that some binary dependencies required to
remote:        use all the preview features of Active Storage are not
remote:        present on this system.
remote:
remote:        For more information please see:
remote:          https://devcenter.heroku.com/articles/active-storage-on-heroku
remote:
remote:
remote:
remote: ###### WARNING:
remote:
remote:        There is a more recent Ruby version available for you to use:
remote:
remote:        2.6.5
remote:
remote:        The latest version will include security and bug fixes, we always recommend
remote:        running the latest version of your minor release.
remote:
remote:        Please upgrade your Ruby version.
remote:
remote:        For all available Ruby versions see:
remote:          https://devcenter.heroku.com/articles/ruby-support#supported-runtimes
remote:
remote:
remote:
remote: -----> Discovering process types
remote:        Procfile declares types     -> web
remote:        Default types for buildpack -> console, rake
remote:
remote: -----> Compressing...
remote:        Done: 75.9M
remote: -----> Launching...
remote:        Released v6
remote:        https://tranquil-shore-41603.herokuapp.com/ deployed to Heroku
remote:
remote: Verifying deploy... done.
To https://git.heroku.com/tranquil-shore-41603.git
 * [new branch]        401-api-only -> master
